#
# A fatal error has been detected by the Java Runtime Environment:
#
#  SIGSEGV (0xb) at pc=0x0000000109daa049, pid=25571, tid=0x0000000000002d03
#
# JRE version: Java(TM) SE Runtime Environment (8.0_144-b01) (build 1.8.0_144-b01)
# Java VM: Java HotSpot(TM) 64-Bit Server VM (25.144-b01 mixed mode bsd-amd64 compressed oops)
# Problematic frame:
# V  [libjvm.dylib+0x1aa049]  oopDesc::size()+0x2d
#
# Failed to write core dump. Core dumps have been disabled. To enable core dumping, try "ulimit -c unlimited" before starting Java again
#
# If you would like to submit a bug report, please visit:
#   http://bugreport.java.com/bugreport/crash.jsp
#

---------------  T H R E A D  ---------------

Current thread (0x00007faf73003800):  VMThread [stack: 0x000070000de6d000,0x000070000df6d000] [id=11523]

siginfo: si_signo: 11 (SIGSEGV), si_code: 1 (SEGV_MAPERR), si_addr: 0x00000003c0000210

Registers:
RAX=0x000000010a43fb20, RBX=0x000000077188f3d8, RCX=0x0000000000000003, RDX=0x0000000800000001
RSP=0x000070000df6ca20, RBP=0x000070000df6ca20, RSI=0x000000077188f3d8, RDI=0x00000003c0000208
R8 =0x000000000000001c, R9 =0x00007faf7b09b1b0, R10=0x000007faf7b09b87, R11=0x000000000000001d
R12=0x00000006c001e358, R13=0x0000000000000000, R14=0x000070000df6caa0, R15=0x00007faf72d07ac0
RIP=0x0000000109daa049, EFLAGS=0x0000000000010202, ERR=0x0000000000000004
  TRAPNO=0x000000000000000e

Top of Stack: (sp=0x000070000df6ca20)
0x000070000df6ca20:   000070000df6ca50 000000010a063f62
0x000070000df6ca30:   000070000df6ca90 000070000df6caa0
0x000070000df6ca40:   00007faf72d07910 000070000df6cb08
0x000070000df6ca50:   000070000df6ca70 000000010a0cd492
0x000070000df6ca60:   000070000df6caa0 0000000000000000
0x000070000df6ca70:   000070000df6ca90 000000010a09dd2b
0x000070000df6ca80:   0000000000000bf8 000070000e3787e8
0x000070000df6ca90:   000070000df6cac0 0000000109faaaac
0x000070000df6caa0:   000000010a434c00 000070000e378700
0x000070000df6cab0:   0000000000000000 000070000e3787e8
0x000070000df6cac0:   000070000df6cb60 0000000109faa324
0x000070000df6cad0:   0000000000000000 00007faf72d10f30
0x000070000df6cae0:   00007faf72e03680 00007faf72e03690
0x000070000df6caf0:   00007faf72e03a68 00000000000003d8
0x000070000df6cb00:   000070000df6cb40 000000010a434c50
0x000070000df6cb10:   000070000df6cb00 ffffffffffffe60b
0x000070000df6cb20:   0000000000000002 0000700000000000
0x000070000df6cb30:   00007faf75637508 0000000000000001
0x000070000df6cb40:   000070000e3787e8 0000000000000011
0x000070000df6cb50:   0000000000000000 000000010a453e40
0x000070000df6cb60:   000070000df6cba0 000000010a1b9a69
0x000070000df6cb70:   00007faf72d10f30 00007faf72e03680
0x000070000df6cb80:   00007faf72e03690 00007faf72e03a68
0x000070000df6cb90:   00000000000003d8 000070000e3787e8
0x000070000df6cba0:   000070000df6cc40 000000010a1b80d5
0x000070000df6cbb0:   0000000000000000 0000000000000000
0x000070000df6cbc0:   0000000000000000 0000000000000000
0x000070000df6cbd0:   0000000000000000 00000008847012c5
0x000070000df6cbe0:   000070000df6cc01 00007faf72d11fa0
0x000070000df6cbf0:   0000000000000000 00007faf72d10f30
0x000070000df6cc00:   00007faf72e03680 00007faf72e03690
0x000070000df6cc10:   00007faf72e03a68 00000000000003d8 

Instructions: (pc=0x0000000109daa049)
0x0000000109daa029:   84 d2 48 89 fe 74 15 48 8d 05 e9 5a 69 00 8a 48
0x0000000109daa039:   08 8b 7e 08 48 d3 e7 48 03 38 eb 04 48 8b 7e 08
0x0000000109daa049:   8b 47 08 85 c0 7e 09 a8 01 75 4e c1 f8 03 eb 47
0x0000000109daa059:   85 c0 7f 43 85 c0 79 41 84 d2 0f 94 c1 0f b6 c9 

Register to memory mapping:

RAX=0x000000010a43fb20: _ZN8Universe13_narrow_klassE+0 in /Library/Java/JavaVirtualMachines/jdk1.8.0_144.jdk/Contents/Home/jre/lib/server/libjvm.dylib at 0x0000000109c00000
RBX=0x000000077188f3d8 is an oop

[error occurred during error reporting (printing register info), id 0xb]

Stack: [0x000070000de6d000,0x000070000df6d000],  sp=0x000070000df6ca20,  free space=1022k
Native frames: (J=compiled Java code, j=interpreted, Vv=VM code, C=native code)
V  [libjvm.dylib+0x1aa049]  oopDesc::size()+0x2d
V  [libjvm.dylib+0x463f62]  MutableSpace::object_iterate(ObjectClosure*)+0x30
V  [libjvm.dylib+0x4cd492]  PSYoungGen::object_iterate(ObjectClosure*)+0x1a
V  [libjvm.dylib+0x49dd2b]  ParallelScavengeHeap::object_iterate(ObjectClosure*)+0x1b
V  [libjvm.dylib+0x3aaaac]  ObjectMarker::done()+0x3c
V  [libjvm.dylib+0x3aa324]  VM_HeapWalkOperation::doit()+0x198
V  [libjvm.dylib+0x5b9a69]  VM_Operation::evaluate()+0x4f
V  [libjvm.dylib+0x5b80d5]  VMThread::evaluate_operation(VM_Operation*)+0xdf
V  [libjvm.dylib+0x5b8522]  VMThread::loop()+0x328
V  [libjvm.dylib+0x5b7e41]  VMThread::run()+0x79
V  [libjvm.dylib+0x48baee]  java_start(Thread*)+0xf6
C  [libsystem_pthread.dylib+0x36c1]  _pthread_body+0x154
C  [libsystem_pthread.dylib+0x356d]  _pthread_body+0x0
C  [libsystem_pthread.dylib+0x2c5d]  thread_start+0xd

VM_Operation (0x000070000e3787e8): HeapWalkOperation, mode: safepoint, requested by thread 0x00007faf7381b000


---------------  P R O C E S S  ---------------

Java Threads: ( => current thread )
  0x00007faf78048000 JavaThread "Okio Watchdog" daemon [_thread_blocked, id=43275, stack(0x000070000ea91000,0x000070000eb91000)]
  0x00007faf7a2b4800 JavaThread "OkHttp ConnectionPool" daemon [_thread_blocked, id=3851, stack(0x000070000d7d5000,0x000070000d8d5000)]
  0x00007faf7761a800 JavaThread "DestroyJavaVM" [_thread_blocked, id=9475, stack(0x000070000d95e000,0x000070000da5e000)]
  0x00007faf745bd800 JavaThread "http-nio-8080-AsyncTimeout" daemon [_thread_blocked, id=37891, stack(0x00007000101d6000,0x00007000102d6000)]
  0x00007faf77619000 JavaThread "http-nio-8080-Acceptor-0" daemon [_thread_in_native, id=38147, stack(0x00007000100d3000,0x00007000101d3000)]
  0x00007faf7425c000 JavaThread "http-nio-8080-ClientPoller-1" daemon [_thread_blocked, id=38659, stack(0x000070000ffd0000,0x00007000100d0000)]
  0x00007faf7425b000 JavaThread "http-nio-8080-ClientPoller-0" daemon [_thread_blocked, id=26627, stack(0x000070000fecd000,0x000070000ffcd000)]
  0x00007faf767f6000 JavaThread "http-nio-8080-exec-10" daemon [_thread_blocked, id=26371, stack(0x000070000fdca000,0x000070000feca000)]
  0x00007faf7342c000 JavaThread "http-nio-8080-exec-9" daemon [_thread_blocked, id=26115, stack(0x000070000fcc7000,0x000070000fdc7000)]
  0x00007faf78f87000 JavaThread "http-nio-8080-exec-8" daemon [_thread_blocked, id=39939, stack(0x000070000fbc4000,0x000070000fcc4000)]
  0x00007faf7449f000 JavaThread "http-nio-8080-exec-7" daemon [_thread_blocked, id=40195, stack(0x000070000fac1000,0x000070000fbc1000)]
  0x00007faf767f5000 JavaThread "http-nio-8080-exec-6" daemon [_thread_blocked, id=25603, stack(0x000070000f9be000,0x000070000fabe000)]
  0x00007faf77060000 JavaThread "http-nio-8080-exec-5" daemon [_thread_blocked, id=25091, stack(0x000070000f8bb000,0x000070000f9bb000)]
  0x00007faf775d6800 JavaThread "http-nio-8080-exec-4" daemon [_thread_blocked, id=40707, stack(0x000070000f7b8000,0x000070000f8b8000)]
  0x00007faf76506000 JavaThread "http-nio-8080-exec-3" daemon [_thread_blocked, id=24323, stack(0x000070000f6b5000,0x000070000f7b5000)]
  0x00007faf789c8000 JavaThread "http-nio-8080-exec-2" daemon [_thread_blocked, id=23811, stack(0x000070000f5b2000,0x000070000f6b2000)]
  0x00007faf73f4e000 JavaThread "http-nio-8080-exec-1" daemon [_thread_blocked, id=23299, stack(0x000070000f4af000,0x000070000f5af000)]
  0x00007faf79fbc800 JavaThread "NioBlockingSelector.BlockPoller-1" daemon [_thread_blocked, id=41219, stack(0x000070000f3ac000,0x000070000f4ac000)]
  0x00007faf74ff5800 JavaThread "Live Reload Server" daemon [_thread_in_native, id=41479, stack(0x000070000f2a9000,0x000070000f3a9000)]
  0x00007faf780c0000 JavaThread "File Watcher" daemon [_thread_blocked, id=22787, stack(0x000070000f1a6000,0x000070000f2a6000)]
  0x00007faf74ace800 JavaThread "pool-2-thread-1" daemon [_thread_blocked, id=22531, stack(0x000070000f0a3000,0x000070000f1a3000)]
  0x00007faf785bc800 JavaThread "cluster-ClusterId{value='5a66b0b5ac518b63e3e02046', description='null'}-localhost:27017" daemon [_thread_blocked, id=42499, stack(0x000070000efa0000,0x000070000f0a0000)]
  0x00007faf741fd000 JavaThread "container-0" [_thread_blocked, id=22279, stack(0x000070000ee9d000,0x000070000ef9d000)]
  0x00007faf741b5000 JavaThread "ContainerBackgroundProcessor[StandardEngine[Tomcat]]" daemon [_thread_blocked, id=43015, stack(0x000070000ed9a000,0x000070000ee9a000)]
  0x00007faf7390a000 JavaThread "Service Thread" daemon [_thread_blocked, id=16899, stack(0x000070000e88b000,0x000070000e98b000)]
  0x00007faf7312f000 JavaThread "C1 CompilerThread2" daemon [_thread_blocked, id=15107, stack(0x000070000e788000,0x000070000e888000)]
  0x00007faf7312e800 JavaThread "C2 CompilerThread1" daemon [_thread_blocked, id=17667, stack(0x000070000e685000,0x000070000e785000)]
  0x00007faf7312d800 JavaThread "C2 CompilerThread0" daemon [_thread_blocked, id=14595, stack(0x000070000e582000,0x000070000e682000)]
  0x00007faf7481d800 JavaThread "JDWP Command Reader" daemon [_thread_in_native, id=14083, stack(0x000070000e47f000,0x000070000e57f000)]
  0x00007faf7303d800 JavaThread "JDWP Event Helper Thread" daemon [_thread_blocked, id=18179, stack(0x000070000e37c000,0x000070000e47c000)]
  0x00007faf7381b000 JavaThread "JDWP Transport Listener: dt_socket" daemon [_thread_blocked, id=18695, stack(0x000070000e279000,0x000070000e379000)]
  0x00007faf74000800 JavaThread "Signal Dispatcher" daemon [_thread_blocked, id=19211, stack(0x000070000e176000,0x000070000e276000)]
  0x00007faf7381a800 JavaThread "Finalizer" daemon [_thread_blocked, id=12291, stack(0x000070000e073000,0x000070000e173000)]
  0x00007faf7383b800 JavaThread "Reference Handler" daemon [_thread_blocked, id=12035, stack(0x000070000df70000,0x000070000e070000)]

Other Threads:
=>0x00007faf73003800 VMThread [stack: 0x000070000de6d000,0x000070000df6d000] [id=11523]
  0x00007faf7383f800 WatcherThread [stack: 0x000070000e98e000,0x000070000ea8e000] [id=15619]

VM state:at safepoint (normal execution)

VM Mutex/Monitor currently owned by a thread:  ([mutex/lock_event])
[0x00007faf72c0c680] Threads_lock - owner thread: 0x00007faf73003800
[0x00007faf72c0cb80] Heap_lock - owner thread: 0x00007faf7381b000

Heap:
 PSYoungGen      total 272896K, used 241260K [0x000000076ab00000, 0x000000077f280000, 0x00000007c0000000)
  eden space 262144K, 92% used [0x000000076ab00000,0x000000077969b2a0,0x000000077ab00000)
  from space 10752K, 0% used [0x000000077ab00000,0x000000077ab00000,0x000000077b580000)
  to   space 18432K, 0% used [0x000000077e080000,0x000000077e080000,0x000000077f280000)
 ParOldGen       total 180224K, used 23101K [0x00000006c0000000, 0x00000006cb000000, 0x000000076ab00000)
  object space 180224K, 12% used [0x00000006c0000000,0x00000006c168f680,0x00000006cb000000)
 Metaspace       used 42101K, capacity 42696K, committed 43048K, reserved 1087488K
  class space    used 5214K, capacity 5368K, committed 5424K, reserved 1048576K

Card table byte_map: [0x000000010af67000,0x000000010b768000] byte_map_base: 0x0000000107967000

Marking Bits: (ParMarkBitMap*) 0x000000010a4f35d0
 Begin Bits: [0x0000000121819000, 0x0000000125819000)
 End Bits:   [0x0000000125819000, 0x0000000129819000)

Polling page: 0x00000001092b9000

CodeCache: size=245760Kb used=14230Kb max_used=15103Kb free=231529Kb
 bounds [0x0000000112819000, 0x00000001136e9000, 0x0000000121819000]
 total_blobs=4184 nmethods=3727 adapters=377
 compilation: enabled

Compilation events (10 events):
Event: 34.774 Thread 0x00007faf7312f000 nmethod 4472 0x00000001129e6dd0 code [0x00000001129e7040, 0x00000001129e8178]
Event: 34.774 Thread 0x00007faf7312f000 4471       3       java.util.regex.Pattern::expr (142 bytes)
Event: 34.776 Thread 0x00007faf7312f000 nmethod 4471 0x0000000112c689d0 code [0x0000000112c68c00, 0x0000000112c698e8]
Event: 34.781 Thread 0x00007faf7312e800 nmethod 4473 0x0000000112ba8d90 code [0x0000000112ba8f20, 0x0000000112ba9558]
Event: 34.781 Thread 0x00007faf7312f000 4474       3       java.lang.reflect.Modifier::isVolatile (13 bytes)
Event: 34.781 Thread 0x00007faf7312f000 nmethod 4474 0x0000000112ba8990 code [0x0000000112ba8b00, 0x0000000112ba8c90]
Event: 34.782 Thread 0x00007faf7312f000 4475       3       sun.reflect.UnsafeFieldAccessorImpl::<init> (56 bytes)
Event: 34.782 Thread 0x00007faf7312f000 nmethod 4475 0x000000011323c750 code [0x000000011323c900, 0x000000011323d038]
Event: 34.782 Thread 0x00007faf7312f000 4476       3       sun.reflect.FieldAccessorImpl::<init> (5 bytes)
Event: 34.783 Thread 0x00007faf7312f000 nmethod 4476 0x0000000113266490 code [0x0000000113266600, 0x0000000113266810]

GC Heap History (10 events):
Event: 5.511 GC heap before
{Heap before GC invocations=3 (full 0):
 PSYoungGen      total 141824K, used 119324K [0x000000076ab00000, 0x0000000774000000, 0x00000007c0000000)
  eden space 131072K, 83% used [0x000000076ab00000,0x00000007715daa58,0x0000000772b00000)
  from space 10752K, 92% used [0x0000000773580000,0x0000000773f2c768,0x0000000774000000)
  to   space 10752K, 0% used [0x0000000772b00000,0x0000000772b00000,0x0000000773580000)
 ParOldGen       total 175104K, used 80K [0x00000006c0000000, 0x00000006cab00000, 0x000000076ab00000)
  object space 175104K, 0% used [0x00000006c0000000,0x00000006c0014010,0x00000006cab00000)
 Metaspace       used 20851K, capacity 21138K, committed 21296K, reserved 1069056K
  class space    used 2491K, capacity 2573K, committed 2608K, reserved 1048576K
Event: 5.530 GC heap after
Heap after GC invocations=3 (full 0):
 PSYoungGen      total 141824K, used 9760K [0x000000076ab00000, 0x000000077c000000, 0x00000007c0000000)
  eden space 131072K, 0% used [0x000000076ab00000,0x000000076ab00000,0x0000000772b00000)
  from space 10752K, 90% used [0x0000000772b00000,0x0000000773488128,0x0000000773580000)
  to   space 10752K, 0% used [0x000000077b580000,0x000000077b580000,0x000000077c000000)
 ParOldGen       total 175104K, used 96K [0x00000006c0000000, 0x00000006cab00000, 0x000000076ab00000)
  object space 175104K, 0% used [0x00000006c0000000,0x00000006c0018010,0x00000006cab00000)
 Metaspace       used 20851K, capacity 21138K, committed 21296K, reserved 1069056K
  class space    used 2491K, capacity 2573K, committed 2608K, reserved 1048576K
}
Event: 5.530 GC heap before
{Heap before GC invocations=4 (full 1):
 PSYoungGen      total 141824K, used 9760K [0x000000076ab00000, 0x000000077c000000, 0x00000007c0000000)
  eden space 131072K, 0% used [0x000000076ab00000,0x000000076ab00000,0x0000000772b00000)
  from space 10752K, 90% used [0x0000000772b00000,0x0000000773488128,0x0000000773580000)
  to   space 10752K, 0% used [0x000000077b580000,0x000000077b580000,0x000000077c000000)
 ParOldGen       total 175104K, used 96K [0x00000006c0000000, 0x00000006cab00000, 0x000000076ab00000)
  object space 175104K, 0% used [0x00000006c0000000,0x00000006c0018010,0x00000006cab00000)
 Metaspace       used 20851K, capacity 21138K, committed 21296K, reserved 1069056K
  class space    used 2491K, capacity 2573K, committed 2608K, reserved 1048576K
Event: 5.586 GC heap after
Heap after GC invocations=4 (full 1):
 PSYoungGen      total 141824K, used 0K [0x000000076ab00000, 0x000000077c000000, 0x00000007c0000000)
  eden space 131072K, 0% used [0x000000076ab00000,0x000000076ab00000,0x0000000772b00000)
  from space 10752K, 0% used [0x0000000772b00000,0x0000000772b00000,0x0000000773580000)
  to   space 10752K, 0% used [0x000000077b580000,0x000000077b580000,0x000000077c000000)
 ParOldGen       total 107008K, used 9542K [0x00000006c0000000, 0x00000006c6880000, 0x000000076ab00000)
  object space 107008K, 8% used [0x00000006c0000000,0x00000006c0951bd0,0x00000006c6880000)
 Metaspace       used 20851K, capacity 21138K, committed 21296K, reserved 1069056K
  class space    used 2491K, capacity 2573K, committed 2608K, reserved 1048576K
}
Event: 8.245 GC heap before
{Heap before GC invocations=5 (full 1):
 PSYoungGen      total 141824K, used 131072K [0x000000076ab00000, 0x000000077c000000, 0x00000007c0000000)
  eden space 131072K, 100% used [0x000000076ab00000,0x0000000772b00000,0x0000000772b00000)
  from space 10752K, 0% used [0x0000000772b00000,0x0000000772b00000,0x0000000773580000)
  to   space 10752K, 0% used [0x000000077b580000,0x000000077b580000,0x000000077c000000)
 ParOldGen       total 107008K, used 9542K [0x00000006c0000000, 0x00000006c6880000, 0x000000076ab00000)
  object space 107008K, 8% used [0x00000006c0000000,0x00000006c0951bd0,0x00000006c6880000)
 Metaspace       used 27895K, capacity 28264K, committed 28592K, reserved 1075200K
  class space    used 3404K, capacity 3485K, committed 3504K, reserved 1048576K
Event: 8.269 GC heap after
Heap after GC invocations=5 (full 1):
 PSYoungGen      total 207872K, used 10750K [0x000000076ab00000, 0x000000077c000000, 0x00000007c0000000)
  eden space 197120K, 0% used [0x000000076ab00000,0x000000076ab00000,0x0000000776b80000)
  from space 10752K, 99% used [0x000000077b580000,0x000000077bfffba0,0x000000077c000000)
  to   space 10752K, 0% used [0x000000077ab00000,0x000000077ab00000,0x000000077b580000)
 ParOldGen       total 107008K, used 11840K [0x00000006c0000000, 0x00000006c6880000, 0x000000076ab00000)
  object space 107008K, 11% used [0x00000006c0000000,0x00000006c0b90068,0x00000006c6880000)
 Metaspace       used 27895K, capacity 28264K, committed 28592K, reserved 1075200K
  class space    used 3404K, capacity 3485K, committed 3504K, reserved 1048576K
}
Event: 10.674 GC heap before
{Heap before GC invocations=6 (full 1):
 PSYoungGen      total 207872K, used 153346K [0x000000076ab00000, 0x000000077c000000, 0x00000007c0000000)
  eden space 197120K, 72% used [0x000000076ab00000,0x0000000773640cf0,0x0000000776b80000)
  from space 10752K, 99% used [0x000000077b580000,0x000000077bfffba0,0x000000077c000000)
  to   space 10752K, 0% used [0x000000077ab00000,0x000000077ab00000,0x000000077b580000)
 ParOldGen       total 107008K, used 11840K [0x00000006c0000000, 0x00000006c6880000, 0x000000076ab00000)
  object space 107008K, 11% used [0x00000006c0000000,0x00000006c0b90068,0x00000006c6880000)
 Metaspace       used 34868K, capacity 35340K, committed 35496K, reserved 1081344K
  class space    used 4343K, capacity 4514K, committed 4528K, reserved 1048576K
Event: 10.702 GC heap after
Heap after GC invocations=6 (full 1):
 PSYoungGen      total 272896K, used 10730K [0x000000076ab00000, 0x000000077f280000, 0x00000007c0000000)
  eden space 262144K, 0% used [0x000000076ab00000,0x000000076ab00000,0x000000077ab00000)
  from space 10752K, 99% used [0x000000077ab00000,0x000000077b57aab8,0x000000077b580000)
  to   space 18432K, 0% used [0x000000077e080000,0x000000077e080000,0x000000077f280000)
 ParOldGen       total 107008K, used 18319K [0x00000006c0000000, 0x00000006c6880000, 0x000000076ab00000)
  object space 107008K, 17% used [0x00000006c0000000,0x00000006c11e3dc8,0x00000006c6880000)
 Metaspace       used 34868K, capacity 35340K, committed 35496K, reserved 1081344K
  class space    used 4343K, capacity 4514K, committed 4528K, reserved 1048576K
}
Event: 10.702 GC heap before
{Heap before GC invocations=7 (full 2):
 PSYoungGen      total 272896K, used 10730K [0x000000076ab00000, 0x000000077f280000, 0x00000007c0000000)
  eden space 262144K, 0% used [0x000000076ab00000,0x000000076ab00000,0x000000077ab00000)
  from space 10752K, 99% used [0x000000077ab00000,0x000000077b57aab8,0x000000077b580000)
  to   space 18432K, 0% used [0x000000077e080000,0x000000077e080000,0x000000077f280000)
 ParOldGen       total 107008K, used 18319K [0x00000006c0000000, 0x00000006c6880000, 0x000000076ab00000)
  object space 107008K, 17% used [0x00000006c0000000,0x00000006c11e3dc8,0x00000006c6880000)
 Metaspace       used 34868K, capacity 35340K, committed 35496K, reserved 1081344K
  class space    used 4343K, capacity 4514K, committed 4528K, reserved 1048576K
Event: 10.785 GC heap after
Heap after GC invocations=7 (full 2):
 PSYoungGen      total 272896K, used 0K [0x000000076ab00000, 0x000000077f280000, 0x00000007c0000000)
  eden space 262144K, 0% used [0x000000076ab00000,0x000000076ab00000,0x000000077ab00000)
  from space 10752K, 0% used [0x000000077ab00000,0x000000077ab00000,0x000000077b580000)
  to   space 18432K, 0% used [0x000000077e080000,0x000000077e080000,0x000000077f280000)
 ParOldGen       total 180224K, used 23101K [0x00000006c0000000, 0x00000006cb000000, 0x000000076ab00000)
  object space 180224K, 12% used [0x00000006c0000000,0x00000006c168f680,0x00000006cb000000)
 Metaspace       used 34868K, capacity 35340K, committed 35496K, reserved 1081344K
  class space    used 4343K, capacity 4514K, committed 4528K, reserved 1048576K
}

Deoptimization events (10 events):
Event: 14.098 Thread 0x00007faf7421f800 Uncommon trap: reason=bimorphic action=maybe_recompile pc=0x0000000112f6f97c method=java.util.Hashtable.get(Ljava/lang/Object;)Ljava/lang/Object; @ 6
Event: 14.104 Thread 0x00007faf7421f800 Uncommon trap: reason=unstable_if action=reinterpret pc=0x0000000112ddf2b8 method=org.springframework.util.ConcurrentReferenceHashMap$Segment.restructureIfNecessary(Z)V @ 33
Event: 32.506 Thread 0x00007faf73f4e000 Uncommon trap: reason=null_check action=make_not_entrant pc=0x0000000113693968 method=org.springframework.core.annotation.AnnotatedElementUtils.searchWithFindSemantics(Ljava/lang/reflect/AnnotatedElement;Ljava/lang/Class;Ljava/lang/String;Ljava/lang/Class
Event: 32.530 Thread 0x00007faf73f4e000 Uncommon trap: reason=bimorphic action=maybe_recompile pc=0x0000000112a296c0 method=java.util.concurrent.ConcurrentHashMap.putVal(Ljava/lang/Object;Ljava/lang/Object;Z)Ljava/lang/Object; @ 192
Event: 33.061 Thread 0x00007faf73f4e000 Uncommon trap: reason=unstable_if action=reinterpret pc=0x0000000112de5634 method=java.lang.CharacterDataLatin1.digit(II)I @ 82
Event: 33.377 Thread 0x00007faf73f4e000 Uncommon trap: reason=predicate action=maybe_recompile pc=0x0000000113466138 method=java.util.TreeMap.put(Ljava/lang/Object;Ljava/lang/Object;)Ljava/lang/Object; @ 132
Event: 33.724 Thread 0x00007faf73f4e000 Uncommon trap: reason=unstable_if action=reinterpret pc=0x0000000112a1ecfc method=java.util.Arrays.equals([B[B)Z @ 41
Event: 33.862 Thread 0x00007faf73f4e000 Uncommon trap: reason=bimorphic action=maybe_recompile pc=0x00000001133beb1c method=java.util.regex.Matcher.match(II)Z @ 86
Event: 33.862 Thread 0x00007faf73f4e000 Uncommon trap: reason=bimorphic action=maybe_recompile pc=0x00000001133beb1c method=java.util.regex.Matcher.match(II)Z @ 86
Event: 33.863 Thread 0x00007faf73f4e000 Uncommon trap: reason=bimorphic action=maybe_recompile pc=0x00000001133beb1c method=java.util.regex.Matcher.match(II)Z @ 86

Internal exceptions (10 events):
Event: 32.413 Thread 0x00007faf73f4e000 Exception <a 'java/lang/ClassNotFoundException': org/springframework/web/servlet/ThemeResolverCustomizer> (0x00000007779a5030) thrown at [/Users/java_re/workspace/8-2-build-macosx-x86_64/jdk8u144/9417/hotspot/src/share/vm/classfile/systemDictionary.cpp, l
Event: 32.422 Thread 0x00007faf73f4e000 Exception <a 'java/lang/ClassNotFoundException': org/springframework/web/servlet/view/DefaultRequestToViewNameTranslatorBeanInfo> (0x00000007779e4d90) thrown at [/Users/java_re/workspace/8-2-build-macosx-x86_64/jdk8u144/9417/hotspot/src/share/vm/classfile
Event: 32.425 Thread 0x00007faf73f4e000 Exception <a 'java/lang/ClassNotFoundException': org/springframework/web/servlet/view/DefaultRequestToViewNameTranslatorCustomizer> (0x0000000777a06ef8) thrown at [/Users/java_re/workspace/8-2-build-macosx-x86_64/jdk8u144/9417/hotspot/src/share/vm/classfi
Event: 32.428 Thread 0x00007faf73f4e000 Exception <a 'java/lang/ClassNotFoundException': org/springframework/web/servlet/RequestToViewNameTranslatorCustomizer> (0x0000000777a37980) thrown at [/Users/java_re/workspace/8-2-build-macosx-x86_64/jdk8u144/9417/hotspot/src/share/vm/classfile/systemDic
Event: 32.439 Thread 0x00007faf73f4e000 Exception <a 'java/lang/ClassNotFoundException': org/springframework/web/servlet/support/SessionFlashMapManagerBeanInfo> (0x0000000777a86a08) thrown at [/Users/java_re/workspace/8-2-build-macosx-x86_64/jdk8u144/9417/hotspot/src/share/vm/classfile/systemDi
Event: 32.442 Thread 0x00007faf73f4e000 Exception <a 'java/lang/ClassNotFoundException': org/springframework/web/servlet/support/AbstractFlashMapManagerBeanInfo> (0x0000000777aa5e40) thrown at [/Users/java_re/workspace/8-2-build-macosx-x86_64/jdk8u144/9417/hotspot/src/share/vm/classfile/systemD
Event: 32.445 Thread 0x00007faf73f4e000 Exception <a 'java/lang/ClassNotFoundException': org/springframework/web/servlet/support/AbstractFlashMapManagerCustomizer> (0x0000000777ac5840) thrown at [/Users/java_re/workspace/8-2-build-macosx-x86_64/jdk8u144/9417/hotspot/src/share/vm/classfile/syste
Event: 32.451 Thread 0x00007faf73f4e000 Exception <a 'java/lang/ClassNotFoundException': org/springframework/web/servlet/support/SessionFlashMapManagerCustomizer> (0x0000000777aecec0) thrown at [/Users/java_re/workspace/8-2-build-macosx-x86_64/jdk8u144/9417/hotspot/src/share/vm/classfile/system
Event: 32.455 Thread 0x00007faf73f4e000 Exception <a 'java/lang/ClassNotFoundException': org/springframework/web/servlet/FlashMapManagerCustomizer> (0x0000000777b0af10) thrown at [/Users/java_re/workspace/8-2-build-macosx-x86_64/jdk8u144/9417/hotspot/src/share/vm/classfile/systemDictionary.cpp,
Event: 32.506 Thread 0x00007faf73f4e000 Implicit null exception at 0x00000001136841ad to 0x0000000113693925

Events (10 events):
Event: 36.328 Executing VM operation: GetOrSetLocal done
Event: 36.336 Executing VM operation: GetOrSetLocal
Event: 36.336 Executing VM operation: GetOrSetLocal done
Event: 36.361 Executing VM operation: GetOrSetLocal
Event: 36.361 Executing VM operation: GetOrSetLocal done
Event: 36.373 Executing VM operation: GetOrSetLocal
Event: 36.374 Executing VM operation: GetOrSetLocal done
Event: 36.473 Executing VM operation: RevokeBias
Event: 36.473 Executing VM operation: RevokeBias done
Event: 36.582 Executing VM operation: HeapWalkOperation


Dynamic libraries:
0x0000000024d13000 	/System/Library/Frameworks/Cocoa.framework/Versions/A/Cocoa
0x0000000024d13000 	/System/Library/Frameworks/Security.framework/Versions/A/Security
0x0000000024d13000 	/System/Library/Frameworks/ApplicationServices.framework/Versions/A/ApplicationServices
0x0000000024d13000 	/usr/lib/libz.1.dylib
0x0000000024d13000 	/usr/lib/libSystem.B.dylib
0x0000000024d13000 	/usr/lib/libobjc.A.dylib
0x0000000024d13000 	/System/Library/Frameworks/CoreFoundation.framework/Versions/A/CoreFoundation
0x0000000024d13000 	/System/Library/Frameworks/Foundation.framework/Versions/C/Foundation
0x0000000024d13000 	/System/Library/Frameworks/AppKit.framework/Versions/C/AppKit
0x0000000024d13000 	/System/Library/Frameworks/CoreData.framework/Versions/A/CoreData
0x0000000024d13000 	/System/Library/PrivateFrameworks/RemoteViewServices.framework/Versions/A/RemoteViewServices
0x0000000024d13000 	/System/Library/PrivateFrameworks/UIFoundation.framework/Versions/A/UIFoundation
0x0000000024d13000 	/System/Library/PrivateFrameworks/DFRFoundation.framework/Versions/A/DFRFoundation
0x0000000024d13000 	/System/Library/Frameworks/Metal.framework/Versions/A/Metal
0x0000000024d13000 	/System/Library/PrivateFrameworks/DesktopServicesPriv.framework/Versions/A/DesktopServicesPriv
0x0000000024d13000 	/usr/lib/libenergytrace.dylib
0x0000000024d13000 	/System/Library/PrivateFrameworks/SkyLight.framework/Versions/A/SkyLight
0x0000000024d13000 	/System/Library/Frameworks/CoreGraphics.framework/Versions/A/CoreGraphics
0x0000000024d13000 	/usr/lib/libScreenReader.dylib
0x0000000024d13000 	/System/Library/Frameworks/Accelerate.framework/Versions/A/Accelerate
0x0000000024d13000 	/System/Library/Frameworks/IOSurface.framework/Versions/A/IOSurface
0x0000000024d13000 	/System/Library/Frameworks/AudioToolbox.framework/Versions/A/AudioToolbox
0x0000000024d13000 	/System/Library/Frameworks/AudioUnit.framework/Versions/A/AudioUnit
0x0000000024d13000 	/System/Library/PrivateFrameworks/DataDetectorsCore.framework/Versions/A/DataDetectorsCore
0x0000000024d13000 	/System/Library/Frameworks/Carbon.framework/Versions/A/Frameworks/HIToolbox.framework/Versions/A/HIToolbox
0x0000000024d13000 	/usr/lib/libicucore.A.dylib
0x0000000024d13000 	/System/Library/Frameworks/QuartzCore.framework/Versions/A/QuartzCore
0x0000000024d13000 	/System/Library/Frameworks/Carbon.framework/Versions/A/Frameworks/SpeechRecognition.framework/Versions/A/SpeechRecognition
0x0000000024d13000 	/usr/lib/libauto.dylib
0x0000000024d13000 	/usr/lib/libxml2.2.dylib
0x0000000024d13000 	/System/Library/PrivateFrameworks/CoreUI.framework/Versions/A/CoreUI
0x0000000024d13000 	/System/Library/Frameworks/CoreAudio.framework/Versions/A/CoreAudio
0x0000000024d13000 	/System/Library/Frameworks/DiskArbitration.framework/Versions/A/DiskArbitration
0x0000000024d13000 	/usr/lib/liblangid.dylib
0x0000000024d13000 	/System/Library/PrivateFrameworks/MultitouchSupport.framework/Versions/A/MultitouchSupport
0x0000000024d13000 	/System/Library/Frameworks/IOKit.framework/Versions/A/IOKit
0x0000000024d13000 	/usr/lib/libDiagnosticMessagesClient.dylib
0x0000000024d13000 	/System/Library/Frameworks/CoreServices.framework/Versions/A/CoreServices
0x0000000024d13000 	/System/Library/PrivateFrameworks/PerformanceAnalysis.framework/Versions/A/PerformanceAnalysis
0x0000000024d13000 	/System/Library/Frameworks/OpenGL.framework/Versions/A/OpenGL
0x0000000024d13000 	/System/Library/Frameworks/ColorSync.framework/Versions/A/ColorSync
0x0000000024d13000 	/System/Library/Frameworks/CoreImage.framework/Versions/A/CoreImage
0x0000000024d13000 	/System/Library/Frameworks/CoreText.framework/Versions/A/CoreText
0x0000000024d13000 	/System/Library/Frameworks/ImageIO.framework/Versions/A/ImageIO
0x0000000024d13000 	/System/Library/PrivateFrameworks/Backup.framework/Versions/A/Backup
0x0000000024d13000 	/usr/lib/libarchive.2.dylib
0x0000000024d13000 	/System/Library/Frameworks/CFNetwork.framework/Versions/A/CFNetwork
0x0000000024d13000 	/System/Library/Frameworks/SystemConfiguration.framework/Versions/A/SystemConfiguration
0x0000000024d13000 	/usr/lib/libCRFSuite.dylib
0x0000000024d13000 	/usr/lib/libc++.1.dylib
0x0000000024d13000 	/usr/lib/libc++abi.dylib
0x0000000024d13000 	/usr/lib/system/libcache.dylib
0x0000000024d13000 	/usr/lib/system/libcommonCrypto.dylib
0x0000000024d13000 	/usr/lib/system/libcompiler_rt.dylib
0x0000000024d13000 	/usr/lib/system/libcopyfile.dylib
0x0000000024d13000 	/usr/lib/system/libcorecrypto.dylib
0x0000000024d13000 	/usr/lib/system/libdispatch.dylib
0x0000000024d13000 	/usr/lib/system/libdyld.dylib
0x0000000024d13000 	/usr/lib/system/libkeymgr.dylib
0x0000000024d13000 	/usr/lib/system/liblaunch.dylib
0x0000000024d13000 	/usr/lib/system/libmacho.dylib
0x0000000024d13000 	/usr/lib/system/libquarantine.dylib
0x0000000024d13000 	/usr/lib/system/libremovefile.dylib
0x0000000024d13000 	/usr/lib/system/libsystem_asl.dylib
0x0000000024d13000 	/usr/lib/system/libsystem_blocks.dylib
0x0000000024d13000 	/usr/lib/system/libsystem_c.dylib
0x0000000024d13000 	/usr/lib/system/libsystem_configuration.dylib
0x0000000024d13000 	/usr/lib/system/libsystem_coreservices.dylib
0x0000000024d13000 	/usr/lib/system/libsystem_darwin.dylib
0x0000000024d13000 	/usr/lib/system/libsystem_dnssd.dylib
0x0000000024d13000 	/usr/lib/system/libsystem_info.dylib
0x0000000024d13000 	/usr/lib/system/libsystem_m.dylib
0x0000000024d13000 	/usr/lib/system/libsystem_malloc.dylib
0x0000000024d13000 	/usr/lib/system/libsystem_network.dylib
0x0000000024d13000 	/usr/lib/system/libsystem_networkextension.dylib
0x0000000024d13000 	/usr/lib/system/libsystem_notify.dylib
0x0000000024d13000 	/usr/lib/system/libsystem_sandbox.dylib
0x0000000024d13000 	/usr/lib/system/libsystem_secinit.dylib
0x0000000024d13000 	/usr/lib/system/libsystem_kernel.dylib
0x0000000024d13000 	/usr/lib/system/libsystem_platform.dylib
0x0000000024d13000 	/usr/lib/system/libsystem_pthread.dylib
0x0000000024d13000 	/usr/lib/system/libsystem_symptoms.dylib
0x0000000024d13000 	/usr/lib/system/libsystem_trace.dylib
0x0000000024d13000 	/usr/lib/system/libunwind.dylib
0x0000000024d13000 	/usr/lib/system/libxpc.dylib
0x0000000024d13000 	/usr/lib/closure/libclosured.dylib
0x0000000024d13000 	/usr/lib/libbsm.0.dylib
0x0000000024d13000 	/usr/lib/system/libkxld.dylib
0x0000000024d13000 	/usr/lib/libOpenScriptingUtil.dylib
0x0000000024d13000 	/usr/lib/libcoretls.dylib
0x0000000024d13000 	/usr/lib/libcoretls_cfhelpers.dylib
0x0000000024d13000 	/usr/lib/libpam.2.dylib
0x0000000024d13000 	/usr/lib/libsqlite3.dylib
0x0000000024d13000 	/usr/lib/libxar.1.dylib
0x0000000024d13000 	/usr/lib/libbz2.1.0.dylib
0x0000000024d13000 	/usr/lib/liblzma.5.dylib
0x0000000024d13000 	/usr/lib/libnetwork.dylib
0x0000000024d13000 	/usr/lib/libapple_nghttp2.dylib
0x0000000024d13000 	/usr/lib/libpcap.A.dylib
0x0000000024d13000 	/usr/lib/libboringssl.dylib
0x0000000024d13000 	/usr/lib/libusrtcp.dylib
0x0000000024d13000 	/usr/lib/libapple_crypto.dylib
0x0000000024d13000 	/System/Library/Frameworks/CoreServices.framework/Versions/A/Frameworks/FSEvents.framework/Versions/A/FSEvents
0x0000000024d13000 	/System/Library/Frameworks/CoreServices.framework/Versions/A/Frameworks/CarbonCore.framework/Versions/A/CarbonCore
0x0000000024d13000 	/System/Library/Frameworks/CoreServices.framework/Versions/A/Frameworks/Metadata.framework/Versions/A/Metadata
0x0000000024d13000 	/System/Library/Frameworks/CoreServices.framework/Versions/A/Frameworks/OSServices.framework/Versions/A/OSServices
0x0000000024d13000 	/System/Library/Frameworks/CoreServices.framework/Versions/A/Frameworks/SearchKit.framework/Versions/A/SearchKit
0x0000000024d13000 	/System/Library/Frameworks/CoreServices.framework/Versions/A/Frameworks/AE.framework/Versions/A/AE
0x0000000024d13000 	/System/Library/Frameworks/CoreServices.framework/Versions/A/Frameworks/LaunchServices.framework/Versions/A/LaunchServices
0x0000000024d13000 	/System/Library/Frameworks/CoreServices.framework/Versions/A/Frameworks/DictionaryServices.framework/Versions/A/DictionaryServices
0x0000000024d13000 	/System/Library/Frameworks/CoreServices.framework/Versions/A/Frameworks/SharedFileList.framework/Versions/A/SharedFileList
0x0000000024d13000 	/System/Library/Frameworks/NetFS.framework/Versions/A/NetFS
0x0000000024d13000 	/System/Library/PrivateFrameworks/NetAuth.framework/Versions/A/NetAuth
0x0000000024d13000 	/System/Library/PrivateFrameworks/login.framework/Versions/A/Frameworks/loginsupport.framework/Versions/A/loginsupport
0x0000000024d13000 	/System/Library/PrivateFrameworks/TCC.framework/Versions/A/TCC
0x0000000024d13000 	/usr/lib/libmecabra.dylib
0x0000000024d13000 	/System/Library/Frameworks/ApplicationServices.framework/Versions/A/Frameworks/ATS.framework/Versions/A/ATS
0x0000000024d13000 	/System/Library/Frameworks/ApplicationServices.framework/Versions/A/Frameworks/ColorSyncLegacy.framework/Versions/A/ColorSyncLegacy
0x0000000024d13000 	/System/Library/Frameworks/ApplicationServices.framework/Versions/A/Frameworks/HIServices.framework/Versions/A/HIServices
0x0000000024d13000 	/System/Library/Frameworks/ApplicationServices.framework/Versions/A/Frameworks/LangAnalysis.framework/Versions/A/LangAnalysis
0x0000000024d13000 	/System/Library/Frameworks/ApplicationServices.framework/Versions/A/Frameworks/PrintCore.framework/Versions/A/PrintCore
0x0000000024d13000 	/System/Library/Frameworks/ApplicationServices.framework/Versions/A/Frameworks/QD.framework/Versions/A/QD
0x0000000024d13000 	/System/Library/Frameworks/ApplicationServices.framework/Versions/A/Frameworks/SpeechSynthesis.framework/Versions/A/SpeechSynthesis
0x0000000024d13000 	/System/Library/Frameworks/CoreDisplay.framework/Versions/A/CoreDisplay
0x0000000024d13000 	/System/Library/Frameworks/Accelerate.framework/Versions/A/Frameworks/vImage.framework/Versions/A/vImage
0x0000000024d13000 	/System/Library/Frameworks/Accelerate.framework/Versions/A/Frameworks/vecLib.framework/Versions/A/vecLib
0x0000000024d13000 	/System/Library/Frameworks/Accelerate.framework/Versions/A/Frameworks/vecLib.framework/Versions/A/libvDSP.dylib
0x0000000024d13000 	/System/Library/Frameworks/Accelerate.framework/Versions/A/Frameworks/vecLib.framework/Versions/A/libBNNS.dylib
0x0000000024d13000 	/System/Library/Frameworks/Accelerate.framework/Versions/A/Frameworks/vecLib.framework/Versions/A/libQuadrature.dylib
0x0000000024d13000 	/System/Library/Frameworks/Accelerate.framework/Versions/A/Frameworks/vecLib.framework/Versions/A/libvMisc.dylib
0x0000000024d13000 	/System/Library/Frameworks/Accelerate.framework/Versions/A/Frameworks/vecLib.framework/Versions/A/libLAPACK.dylib
0x0000000024d13000 	/System/Library/Frameworks/Accelerate.framework/Versions/A/Frameworks/vecLib.framework/Versions/A/libBLAS.dylib
0x0000000024d13000 	/System/Library/Frameworks/Accelerate.framework/Versions/A/Frameworks/vecLib.framework/Versions/A/libLinearAlgebra.dylib
0x0000000024d13000 	/System/Library/Frameworks/Accelerate.framework/Versions/A/Frameworks/vecLib.framework/Versions/A/libSparse.dylib
0x0000000024d13000 	/System/Library/Frameworks/Accelerate.framework/Versions/A/Frameworks/vecLib.framework/Versions/A/libSparseBLAS.dylib
0x0000000024d13000 	/System/Library/PrivateFrameworks/IOAccelerator.framework/Versions/A/IOAccelerator
0x0000000024d13000 	/System/Library/PrivateFrameworks/IOPresentment.framework/Versions/A/IOPresentment
0x0000000024d13000 	/System/Library/PrivateFrameworks/DSExternalDisplay.framework/Versions/A/DSExternalDisplay
0x0000000024d13000 	/System/Library/Frameworks/OpenGL.framework/Versions/A/Libraries/libCoreFSCache.dylib
0x0000000024d13000 	/System/Library/Frameworks/CoreVideo.framework/Versions/A/CoreVideo
0x0000000024d13000 	/System/Library/PrivateFrameworks/GraphVisualizer.framework/Versions/A/GraphVisualizer
0x0000000024d13000 	/System/Library/Frameworks/MetalPerformanceShaders.framework/Versions/A/MetalPerformanceShaders
0x0000000024d13000 	/usr/lib/libFosl_dynamic.dylib
0x0000000024d13000 	/System/Library/PrivateFrameworks/FaceCore.framework/Versions/A/FaceCore
0x0000000024d13000 	/System/Library/Frameworks/OpenCL.framework/Versions/A/OpenCL
0x0000000024d13000 	/usr/lib/libcompression.dylib
0x0000000024d13000 	/System/Library/Frameworks/ApplicationServices.framework/Versions/A/Frameworks/ATS.framework/Versions/A/Resources/libFontParser.dylib
0x0000000024d13000 	/System/Library/Frameworks/ApplicationServices.framework/Versions/A/Frameworks/ATS.framework/Versions/A/Resources/libFontRegistry.dylib
0x0000000024d13000 	/System/Library/Frameworks/ImageIO.framework/Versions/A/Resources/libJPEG.dylib
0x0000000024d13000 	/System/Library/Frameworks/ImageIO.framework/Versions/A/Resources/libTIFF.dylib
0x0000000024d13000 	/System/Library/Frameworks/ImageIO.framework/Versions/A/Resources/libPng.dylib
0x0000000024d13000 	/System/Library/Frameworks/ImageIO.framework/Versions/A/Resources/libGIF.dylib
0x0000000024d13000 	/System/Library/Frameworks/ImageIO.framework/Versions/A/Resources/libJP2.dylib
0x0000000024d13000 	/System/Library/Frameworks/ImageIO.framework/Versions/A/Resources/libRadiance.dylib
0x0000000024d13000 	/System/Library/PrivateFrameworks/AppleJPEG.framework/Versions/A/AppleJPEG
0x0000000024d13000 	/System/Library/PrivateFrameworks/MetalTools.framework/Versions/A/MetalTools
0x0000000024d13000 	/System/Library/Frameworks/MetalPerformanceShaders.framework/Frameworks/MPSCore.framework/Versions/A/MPSCore
0x0000000024d13000 	/System/Library/Frameworks/MetalPerformanceShaders.framework/Frameworks/MPSImage.framework/Versions/A/MPSImage
0x0000000024d13000 	/System/Library/Frameworks/MetalPerformanceShaders.framework/Frameworks/MPSMatrix.framework/Versions/A/MPSMatrix
0x0000000024d13000 	/System/Library/Frameworks/MetalPerformanceShaders.framework/Frameworks/MPSNeuralNetwork.framework/Versions/A/MPSNeuralNetwork
0x0000000024d13000 	/System/Library/Frameworks/OpenGL.framework/Versions/A/Libraries/libGLU.dylib
0x0000000024d13000 	/System/Library/Frameworks/OpenGL.framework/Versions/A/Libraries/libGFXShared.dylib
0x0000000024d13000 	/System/Library/Frameworks/OpenGL.framework/Versions/A/Libraries/libGL.dylib
0x0000000024d13000 	/System/Library/Frameworks/OpenGL.framework/Versions/A/Libraries/libGLImage.dylib
0x0000000024d13000 	/System/Library/Frameworks/OpenGL.framework/Versions/A/Libraries/libCVMSPluginSupport.dylib
0x0000000024d13000 	/System/Library/Frameworks/OpenGL.framework/Versions/A/Libraries/libCoreVMClient.dylib
0x0000000024d13000 	/usr/lib/libcups.2.dylib
0x0000000024d13000 	/System/Library/Frameworks/Kerberos.framework/Versions/A/Kerberos
0x0000000024d13000 	/System/Library/Frameworks/GSS.framework/Versions/A/GSS
0x0000000024d13000 	/usr/lib/libresolv.9.dylib
0x0000000024d13000 	/usr/lib/libiconv.2.dylib
0x0000000024d13000 	/System/Library/PrivateFrameworks/Heimdal.framework/Versions/A/Heimdal
0x0000000024d13000 	/usr/lib/libheimdal-asn1.dylib
0x0000000024d13000 	/System/Library/Frameworks/OpenDirectory.framework/Versions/A/OpenDirectory
0x0000000024d13000 	/System/Library/PrivateFrameworks/CommonAuth.framework/Versions/A/CommonAuth
0x0000000024d13000 	/System/Library/Frameworks/OpenDirectory.framework/Versions/A/Frameworks/CFOpenDirectory.framework/Versions/A/CFOpenDirectory
0x0000000024d13000 	/System/Library/Frameworks/SecurityFoundation.framework/Versions/A/SecurityFoundation
0x0000000024d13000 	/System/Library/PrivateFrameworks/APFS.framework/Versions/A/APFS
0x0000000024d13000 	/usr/lib/libutil.dylib
0x0000000024d13000 	/System/Library/PrivateFrameworks/AppleSauce.framework/Versions/A/AppleSauce
0x0000000024d13000 	/System/Library/PrivateFrameworks/LinguisticData.framework/Versions/A/LinguisticData
0x0000000024d13000 	/usr/lib/libmarisa.dylib
0x0000000024d13000 	/System/Library/PrivateFrameworks/Lexicon.framework/Versions/A/Lexicon
0x0000000024d13000 	/usr/lib/libChineseTokenizer.dylib
0x0000000024d13000 	/usr/lib/libcmph.dylib
0x0000000024d13000 	/System/Library/PrivateFrameworks/LanguageModeling.framework/Versions/A/LanguageModeling
0x0000000024d13000 	/System/Library/PrivateFrameworks/CoreEmoji.framework/Versions/A/CoreEmoji
0x0000000024d13000 	/System/Library/Frameworks/ServiceManagement.framework/Versions/A/ServiceManagement
0x0000000024d13000 	/System/Library/PrivateFrameworks/BackgroundTaskManagement.framework/Versions/A/BackgroundTaskManagement
0x0000000024d13000 	/usr/lib/libxslt.1.dylib
0x0000000024d13000 	/System/Library/Frameworks/Carbon.framework/Versions/A/Frameworks/Ink.framework/Versions/A/Ink
0x0000000024d13000 	/System/Library/PrivateFrameworks/TextureIO.framework/Versions/A/TextureIO
0x0000000024d13000 	/usr/lib/libate.dylib
0x0000000024d13000 	/System/Library/PrivateFrameworks/CrashReporterSupport.framework/Versions/A/CrashReporterSupport
0x0000000024d13000 	/System/Library/PrivateFrameworks/Sharing.framework/Versions/A/Sharing
0x0000000024d13000 	/System/Library/PrivateFrameworks/IconServices.framework/Versions/A/IconServices
0x0000000024d13000 	/System/Library/PrivateFrameworks/ProtocolBuffer.framework/Versions/A/ProtocolBuffer
0x0000000024d13000 	/System/Library/PrivateFrameworks/Apple80211.framework/Versions/A/Apple80211
0x0000000024d13000 	/System/Library/Frameworks/CoreWLAN.framework/Versions/A/CoreWLAN
0x0000000024d13000 	/System/Library/PrivateFrameworks/CoreUtils.framework/Versions/A/CoreUtils
0x0000000024d13000 	/System/Library/Frameworks/IOBluetooth.framework/Versions/A/IOBluetooth
0x0000000024d13000 	/System/Library/PrivateFrameworks/CoreWiFi.framework/Versions/A/CoreWiFi
0x0000000024d13000 	/System/Library/Frameworks/CoreBluetooth.framework/Versions/A/CoreBluetooth
0x0000000024d13000 	/System/Library/PrivateFrameworks/SignpostNotification.framework/Versions/A/SignpostNotification
0x0000000024d13000 	/System/Library/PrivateFrameworks/DebugSymbols.framework/Versions/A/DebugSymbols
0x0000000024d13000 	/System/Library/PrivateFrameworks/CoreSymbolication.framework/Versions/A/CoreSymbolication
0x0000000024d13000 	/System/Library/PrivateFrameworks/Symbolication.framework/Versions/A/Symbolication
0x0000000024d13000 	/System/Library/PrivateFrameworks/AppleFSCompression.framework/Versions/A/AppleFSCompression
0x0000000024d13000 	/System/Library/PrivateFrameworks/SpeechRecognitionCore.framework/Versions/A/SpeechRecognitionCore
0x0000000109c00000 	/Library/Java/JavaVirtualMachines/jdk1.8.0_144.jdk/Contents/Home/jre/lib/server/libjvm.dylib
0x0000000024d13000 	/usr/lib/libstdc++.6.0.9.dylib
0x0000000109276000 	/Library/Java/JavaVirtualMachines/jdk1.8.0_144.jdk/Contents/Home/jre/lib/libverify.dylib
0x0000000109284000 	/Library/Java/JavaVirtualMachines/jdk1.8.0_144.jdk/Contents/Home/jre/lib/libjava.dylib
0x00000001092ba000 	/Library/Java/JavaVirtualMachines/jdk1.8.0_144.jdk/Contents/Home/jre/lib/libjdwp.dylib
0x0000000109305000 	/Library/Java/JavaVirtualMachines/jdk1.8.0_144.jdk/Contents/Home/jre/lib/libnpt.dylib
0x0000000109309000 	/Library/Java/JavaVirtualMachines/jdk1.8.0_144.jdk/Contents/Home/jre/lib/libinstrument.dylib
0x00000001093a7000 	/Library/Java/JavaVirtualMachines/jdk1.8.0_144.jdk/Contents/Home/jre/lib/libzip.dylib
0x0000000024d13000 	/System/Library/Frameworks/JavaVM.framework/Versions/A/Frameworks/JavaRuntimeSupport.framework/Versions/A/JavaRuntimeSupport
0x0000000024d13000 	/System/Library/Frameworks/JavaVM.framework/Versions/A/Frameworks/JavaNativeFoundation.framework/Versions/A/JavaNativeFoundation
0x0000000024d13000 	/System/Library/Frameworks/JavaVM.framework/Versions/A/JavaVM
0x0000000024d13000 	/System/Library/Frameworks/Carbon.framework/Versions/A/Carbon
0x0000000024d13000 	/System/Library/PrivateFrameworks/JavaLaunching.framework/Versions/A/JavaLaunching
0x0000000024d13000 	/System/Library/Frameworks/Carbon.framework/Versions/A/Frameworks/CommonPanels.framework/Versions/A/CommonPanels
0x0000000024d13000 	/System/Library/Frameworks/Carbon.framework/Versions/A/Frameworks/Help.framework/Versions/A/Help
0x0000000024d13000 	/System/Library/Frameworks/Carbon.framework/Versions/A/Frameworks/ImageCapture.framework/Versions/A/ImageCapture
0x0000000024d13000 	/System/Library/Frameworks/Carbon.framework/Versions/A/Frameworks/OpenScripting.framework/Versions/A/OpenScripting
0x0000000024d13000 	/System/Library/Frameworks/Carbon.framework/Versions/A/Frameworks/Print.framework/Versions/A/Print
0x0000000024d13000 	/System/Library/Frameworks/Carbon.framework/Versions/A/Frameworks/SecurityHI.framework/Versions/A/SecurityHI
0x000000010f92f000 	/Library/Java/JavaVirtualMachines/jdk1.8.0_144.jdk/Contents/Home/jre/lib/libdt_socket.dylib
0x0000000110269000 	/Library/Java/JavaVirtualMachines/jdk1.8.0_144.jdk/Contents/Home/jre/lib/libmanagement.dylib
0x0000000110277000 	/Library/Java/JavaVirtualMachines/jdk1.8.0_144.jdk/Contents/Home/jre/lib/libnet.dylib
0x000000010fe19000 	/Library/Java/JavaVirtualMachines/jdk1.8.0_144.jdk/Contents/Home/jre/lib/libnio.dylib
0x0000000110782000 	/Library/Java/JavaVirtualMachines/jdk1.8.0_144.jdk/Contents/Home/jre/lib/libsunec.dylib

VM Arguments:
jvm_args: -agentlib:jdwp=transport=dt_socket,address=127.0.0.1:63521,suspend=y,server=n -javaagent:/Users/rpaiter/Library/Caches/IdeaIC2017.3/captureAgent/debugger-agent.jar=/private/var/folders/q4/x_5215ss0w59cdjx1j5r_9xm0000gn/T/capture.props -Dfile.encoding=UTF-8 
java_command: tech.paiter.itemper.ITemperApplication
java_class_path (initial): /Users/rpaiter/git/ifood-backend-advanced-test/backend/target/classes:/Library/Java/JavaVirtualMachines/jdk1.8.0_144.jdk/Contents/Home/jre/lib/charsets.jar:/Library/Java/JavaVirtualMachines/jdk1.8.0_144.jdk/Contents/Home/jre/lib/deploy.jar:/Library/Java/JavaVirtualMachines/jdk1.8.0_144.jdk/Contents/Home/jre/lib/ext/cldrdata.jar:/Library/Java/JavaVirtualMachines/jdk1.8.0_144.jdk/Contents/Home/jre/lib/ext/dnsns.jar:/Library/Java/JavaVirtualMachines/jdk1.8.0_144.jdk/Contents/Home/jre/lib/ext/jaccess.jar:/Library/Java/JavaVirtualMachines/jdk1.8.0_144.jdk/Contents/Home/jre/lib/ext/jfxrt.jar:/Library/Java/JavaVirtualMachines/jdk1.8.0_144.jdk/Contents/Home/jre/lib/ext/localedata.jar:/Library/Java/JavaVirtualMachines/jdk1.8.0_144.jdk/Contents/Home/jre/lib/ext/nashorn.jar:/Library/Java/JavaVirtualMachines/jdk1.8.0_144.jdk/Contents/Home/jre/lib/ext/sunec.jar:/Library/Java/JavaVirtualMachines/jdk1.8.0_144.jdk/Contents/Home/jre/lib/ext/sunjce_provider.jar:/Library/Java/JavaVirtualMachines/jdk1.8.0_144.jdk/Contents/Home/jre/lib/ext/sunpkcs11.jar:/Library/Java/JavaVirtualMachines/jdk1.8.0_144.jdk/Contents/Home/jre/lib/ext/zipfs.jar:/Library/Java/JavaVirtualMachines/jdk1.8.0_144.jdk/Contents/Home/jre/lib/javaws.jar:/Library/Java/JavaVirtualMachines/jdk1.8.0_144.jdk/Contents/Home/jre/lib/jce.jar:/Library/Java/JavaVirtualMachines/jdk1.8.0_144.jdk/Contents/Home/jre/lib/jfr.jar:/Library/Java/JavaVirtualMachines/jdk1.8.0_144.jdk/Contents/Home/jre/lib/jfxswt.jar:/Library/Java/JavaVirtualMachines/jdk1.8.0_144.jdk/Contents/Home/jre/lib/jsse.jar:/Library/Java/JavaVirtualMachines/jdk1.8.0_144.jdk/Contents/Home/jre/lib/management-agent.jar:/Library/Java/JavaVirtualMachines/jdk1.8.0_144.jdk/Contents/Home/jre/lib/plugin.jar:/Library/Java/JavaVirtualMachines/jdk1.8.0_144.jdk/Contents/Home/jre/lib/resources.jar:/Library/Java/JavaVirtualMachines/jdk1.8.0_144.jdk/Contents/Home/jre/lib/rt.jar:/Library/Java/JavaVirtualMachines/jdk1.8.0_144.jdk/Contents/Home/lib/ant-javaf
Launcher Type: SUN_STANDARD

Environment Variables:
JAVA_HOME=/Library/Java/JavaVirtualMachines/jdk1.8.0_151.jdk/Contents/Home
PATH=/Users/rpaiter/Downloads/google-cloud-sdk/bin:/usr/local/bin:/usr/bin:/bin:/usr/sbin:/sbin:/Users/rpaiter/java/apache-maven-3.1.1/bin:/Users/rpaiter/Library/Python/2.7/bin:/Library/PostgreSQL/9.4//bin
SHELL=/bin/bash

Signal Handlers:
SIGSEGV: [libjvm.dylib+0x5b26e5], sa_mask[0]=11111111011111110111111111111111, sa_flags=SA_ONSTACK|SA_RESTART|SA_SIGINFO
SIGBUS: [libjvm.dylib+0x5b26e5], sa_mask[0]=11111111011111110111111111111111, sa_flags=SA_RESTART|SA_SIGINFO
SIGFPE: [libjvm.dylib+0x489100], sa_mask[0]=11111111011111110111111111111111, sa_flags=SA_RESTART|SA_SIGINFO
SIGPIPE: [libjvm.dylib+0x489100], sa_mask[0]=11111111011111110111111111111111, sa_flags=SA_RESTART|SA_SIGINFO
SIGXFSZ: [libjvm.dylib+0x489100], sa_mask[0]=11111111011111110111111111111111, sa_flags=SA_RESTART|SA_SIGINFO
SIGILL: [libjvm.dylib+0x489100], sa_mask[0]=11111111011111110111111111111111, sa_flags=SA_RESTART|SA_SIGINFO
SIGUSR1: SIG_DFL, sa_mask[0]=00000000000000000000000000000000, sa_flags=none
SIGUSR2: [libjvm.dylib+0x488c1e], sa_mask[0]=00100000000000000000000000000000, sa_flags=SA_RESTART|SA_SIGINFO
SIGHUP: [libjvm.dylib+0x4871f5], sa_mask[0]=11111111011111110111111111111111, sa_flags=SA_RESTART|SA_SIGINFO
SIGINT: [libjvm.dylib+0x4871f5], sa_mask[0]=11111111011111110111111111111111, sa_flags=SA_RESTART|SA_SIGINFO
SIGTERM: [libjvm.dylib+0x4871f5], sa_mask[0]=11111111011111110111111111111111, sa_flags=SA_RESTART|SA_SIGINFO
SIGQUIT: [libjvm.dylib+0x4871f5], sa_mask[0]=11111111011111110111111111111111, sa_flags=SA_RESTART|SA_SIGINFO


---------------  S Y S T E M  ---------------

OS:Bsduname:Darwin 17.3.0 Darwin Kernel Version 17.3.0: Thu Nov  9 18:09:22 PST 2017; root:xnu-4570.31.3~1/RELEASE_X86_64 x86_64
rlimit: STACK 8192k, CORE 0k, NPROC 1418, NOFILE 10240, AS infinity
load average:15.55 11.88 7.53

CPU:total 4 (initial active 4) (2 cores per cpu, 2 threads per core) family 6 model 58 stepping 9, cmov, cx8, fxsr, mmx, sse, sse2, sse3, ssse3, sse4.1, sse4.2, popcnt, avx, aes, clmul, erms, ht, tsc, tscinvbit, tscinv

Memory: 4k page, physical 16777216k(1052216k free)

/proc/meminfo:


vm_info: Java HotSpot(TM) 64-Bit Server VM (25.144-b01) for bsd-amd64 JRE (1.8.0_144-b01), built on Jul 21 2017 22:07:42 by "java_re" with gcc 4.2.1 (Based on Apple Inc. build 5658) (LLVM build 2336.11.00)

time: Tue Jan 23 00:49:36 2018
elapsed time: 37 seconds (0d 0h 0m 37s)

